AASquishyMiley/proguard/seeds.txt
com.idroid.squishy.miley.LeaderboardActivity
com.idroid.squishy.miley.LeaderboardActivity: LeaderboardActivity()
com.idroid.squishy.miley.MainActivity
com.idroid.squishy.miley.MainActivity: MainActivity()
com.idroid.squishy.miley.R$anim: int left_to_right_in
com.idroid.squishy.miley.R$anim: int left_to_right_out
com.idroid.squishy.miley.R$anim: int right_to_left_in
com.idroid.squishy.miley.R$anim: int right_to_left_out
com.idroid.squishy.miley.R$anim: int tivi_close
com.idroid.squishy.miley.R$anim: int tivi_open
com.idroid.squishy.miley.R$anim: int zoom_in
com.idroid.squishy.miley.R$attr: int adSize
com.idroid.squishy.miley.R$attr: int adSizes
com.idroid.squishy.miley.R$attr: int adUnitId
com.idroid.squishy.miley.R$attr: int cameraBearing
com.idroid.squishy.miley.R$attr: int cameraTargetLat
com.idroid.squishy.miley.R$attr: int cameraTargetLng
com.idroid.squishy.miley.R$attr: int cameraTilt
com.idroid.squishy.miley.R$attr: int cameraZoom
com.idroid.squishy.miley.R$attr: int confirm_logout
com.idroid.squishy.miley.R$attr: int done_button_background
com.idroid.squishy.miley.R$attr: int done_button_text
com.idroid.squishy.miley.R$attr: int extra_fields
com.idroid.squishy.miley.R$attr: int fetch_user_info
com.idroid.squishy.miley.R$attr: int is_cropped
com.idroid.squishy.miley.R$attr: int login_text
com.idroid.squishy.miley.R$attr: int logout_text
com.idroid.squishy.miley.R$attr: int mapType
com.idroid.squishy.miley.R$attr: int multi_select
com.idroid.squishy.miley.R$attr: int preset_size
com.idroid.squishy.miley.R$attr: int radius_in_meters
com.idroid.squishy.miley.R$attr: int results_limit
com.idroid.squishy.miley.R$attr: int search_text
com.idroid.squishy.miley.R$attr: int show_pictures
com.idroid.squishy.miley.R$attr: int show_search_box
com.idroid.squishy.miley.R$attr: int show_title_bar
com.idroid.squishy.miley.R$attr: int title_bar_background
com.idroid.squishy.miley.R$attr: int title_text
com.idroid.squishy.miley.R$attr: int uiCompass
com.idroid.squishy.miley.R$attr: int uiRotateGestures
com.idroid.squishy.miley.R$color: int com_facebook_blue
com.idroid.squishy.miley.R$color: int com_facebook_loginview_text_color
com.idroid.squishy.miley.R$color: int com_facebook_picker_search_bar_background
com.idroid.squishy.miley.R$color: int com_facebook_picker_search_bar_text
com.idroid.squishy.miley.R$color: int com_facebook_usersettingsfragment_connected_shadow_color
com.idroid.squishy.miley.R$color: int com_facebook_usersettingsfragment_connected_text_color
com.idroid.squishy.miley.R$color: int com_facebook_usersettingsfragment_not_connected_text_color
com.idroid.squishy.miley.R$color: int common_action_bar_splitter
com.idroid.squishy.miley.R$color: int common_signin_btn_dark_text_default
com.idroid.squishy.miley.R$color: int common_signin_btn_dark_text_disabled
com.idroid.squishy.miley.R$color: int common_signin_btn_dark_text_focused
com.idroid.squishy.miley.R$color: int common_signin_btn_dark_text_pressed
com.idroid.squishy.miley.R$color: int common_signin_btn_default_background
com.idroid.squishy.miley.R$color: int common_signin_btn_light_text_default
com.idroid.squishy.miley.R$color: int common_signin_btn_light_text_disabled
com.idroid.squishy.miley.R$color: int common_signin_btn_light_text_focused
com.idroid.squishy.miley.R$color: int common_signin_btn_light_text_pressed
com.idroid.squishy.miley.R$color: int common_signin_btn_text_dark
com.idroid.squishy.miley.R$color: int common_signin_btn_text_light
...
com.facebook.widget.PickerFragment$5
com.facebook.widget.PickerFragment$5: com.facebook.widget.PickerFragment this$0
com.facebook.widget.PickerFragment$5: PickerFragment$5(com.facebook.widget.PickerFragment)
com.facebook.widget.PickerFragment$5: void call(com.facebook.Session,com.facebook.SessionState,java.lang.Exception)
com.facebook.widget.PickerFragment$6
com.facebook.widget.PickerFragment$6: com.facebook.widget.PickerFragment this$0
com.facebook.widget.PickerFragment$6: PickerFragment$6(com.facebook.widget.PickerFragment)
com.facebook.widget.PickerFragment$6: void onClick(android.view.View)
com.facebook.widget.PickerFragment$GraphObjectFilter
com.facebook.widget.PickerFragment$GraphObjectFilter: boolean includeItem(java.lang.Object)
com.facebook.widget.PickerFragment$LoadingStrategy
com.facebook.widget.PickerFragment$LoadingStrategy: int CACHED_RESULT_REFRESH_DELAY
com.facebook.widget.PickerFragment$LoadingStrategy: com.facebook.widget.GraphObjectPagingLoader loader
com.facebook.widget.PickerFragment$LoadingStrategy: com.facebook.widget.GraphObjectAdapter adapter
com.facebook.widget.PickerFragment$LoadingStrategy: com.facebook.widget.PickerFragment this$0
com.facebook.widget.PickerFragment$LoadingStrategy: PickerFragment$LoadingStrategy(com.facebook.widget.PickerFragment)
com.facebook.widget.PickerFragment$LoadingStrategy: void attach(com.facebook.widget.GraphObjectAdapter)
com.facebook.widget.PickerFragment$LoadingStrategy: void detach()
com.facebook.widget.PickerFragment$LoadingStrategy: void clearResults()
com.facebook.widget.PickerFragment$LoadingStrategy: void startLoading(com.facebook.Request)
com.facebook.widget.PickerFragment$LoadingStrategy: boolean isDataPresentOrLoading()
com.facebook.widget.PickerFragment$LoadingStrategy: com.facebook.widget.GraphObjectPagingLoader onCreateLoader()
com.facebook.widget.PickerFragment$LoadingStrategy: void onStartLoading(com.facebook.widget.GraphObjectPagingLoader,com.facebook.Request)
com.facebook.widget.PickerFragment$LoadingStrategy: void onLoadReset(com.facebook.widget.GraphObjectPagingLoader)
com.facebook.widget.PickerFragment$LoadingStrategy: void onLoadFinished(com.facebook.widget.GraphObjectPagingLoader,com.facebook.widget.SimpleGraphObjectCursor)
com.facebook.widget.PickerFragment$LoadingStrategy$1
com.facebook.widget.PickerFragment$LoadingStrategy$1: com.facebook.widget.PickerFragment$LoadingStrategy this$1
com.facebook.widget.PickerFragment$LoadingStrategy$1: PickerFragment$LoadingStrategy$1(com.facebook.widget.PickerFragment$LoadingStrategy)
com.facebook.widget.PickerFragment$LoadingStrategy$1: android.support.v4.content.Loader onCreateLoader(int,android.os.Bundle)
com.facebook.widget.PickerFragment$LoadingStrategy$1: void onLoadFinished(android.support.v4.content.Loader,com.facebook.widget.SimpleGraphObjectCursor)
com.facebook.widget.PickerFragment$LoadingStrategy$1: void onLoaderReset(android.support.v4.content.Loader)
com.facebook.widget.PickerFragment$LoadingStrategy$1: void onLoadFinished(android.support.v4.content.Loader,java.lang.Object)
com.facebook.widget.PickerFragment$LoadingStrategy$2
com.facebook.widget.PickerFragment$LoadingStrategy$2: com.facebook.widget.PickerFragment$LoadingStrategy this$1
com.facebook.widget.PickerFragment$LoadingStrategy$2: PickerFragment$LoadingStrategy$2(com.facebook.widget.PickerFragment$LoadingStrategy)
com.facebook.widget.PickerFragment$LoadingStrategy$2: void onError(com.facebook.FacebookException,com.facebook.widget.GraphObjectPagingLoader)
com.facebook.widget.PickerFragment$LoadingStrategy$3
com.facebook.widget.PickerFragment$LoadingStrategy$3: com.facebook.widget.PickerFragment$LoadingStrategy this$1
com.facebook.widget.PickerFragment$LoadingStrategy$3: PickerFragment$LoadingStrategy$3(com.facebook.widget.PickerFragment$LoadingStrategy)
com.facebook.widget.PickerFragment$LoadingStrategy$3: void onError(com.facebook.widget.GraphObjectAdapter,com.facebook.FacebookException)