AASquishyMiley/proguard/mapping.txt
com.idroid.squishy.miley.LeaderboardActivity -> com.idroid.squishy.miley.LeaderboardActivity:
    13:15:void onSignInFailed() -> e_
    20:23:void onSignInSucceeded() -> f_
com.idroid.squishy.miley.MCrypt -> com.idroid.squishy.miley.a:
    javax.crypto.spec.IvParameterSpec mIvspec -> a
    java.lang.String mSecretKey -> b
    javax.crypto.spec.SecretKeySpec mKeyspec -> c
    javax.crypto.Cipher cipher -> d
    92:100:byte[] decryptFromByteArray(byte[]) -> a
    110:110:java.lang.String decryptFromHexString(java.lang.String) -> a
    123:133:byte[] hexToBytes(java.lang.String) -> b
com.idroid.squishy.miley.MainActivity -> com.idroid.squishy.miley.MainActivity:
    com.facebook.UiLifecycleHelper uiHelper -> a
    org.andengine.entity.scene.Scene mScene -> b
    java.util.ArrayList mBirds -> c
    float mPipeUpX -> d
    float mPipeUpY -> e
    float mPipeDownX -> f
    float mPipeDownY -> g
    float mPipeUpHeight -> h
    float mPipeDownHeight -> i
    android.content.BroadcastReceiver admobReceiver -> j
    org.andengine.opengl.texture.region.TextureRegion regionBackground -> k
    org.andengine.entity.sprite.Sprite spriteBackground -> l
    org.andengine.opengl.texture.region.TextureRegion regionLand -> m
    org.andengine.entity.sprite.Sprite spriteLand -> n
    org.andengine.opengl.texture.region.TextureRegion regionPipeUp -> o
    org.andengine.entity.sprite.Sprite spritePipeUp -> p
    org.andengine.opengl.texture.region.TextureRegion regionPipeDown -> q
    org.andengine.entity.sprite.Sprite spritePipeDown -> r
    org.andengine.opengl.font.Font mFontCurrentScore -> s
    org.andengine.entity.text.Text mCurrentScoreText -> t
    int mCurrentScoreNumber -> u
    org.andengine.opengl.font.Font mFontScoreboard -> v
    org.andengine.entity.text.Text mScoreBoard -> w
    org.andengine.entity.text.Text mScoreBest -> x
    org.andengine.opengl.texture.region.TiledTextureRegion regionBird -> y
    org.andengine.opengl.texture.region.TextureRegion regionGetReady -> z
    org.andengine.entity.sprite.Sprite spriteGetReady -> A
com.idroid.squishy.miley.MainActivity$1 -> com.idroid.squishy.miley.MainActivity$1:
    com.idroid.squishy.miley.MainActivity this$0 -> a
    110:128:void onReceive(android.content.Context,android.content.Intent) -> onReceive
com.idroid.squishy.miley.MainActivity$10 -> com.idroid.squishy.miley.MainActivity$2:
    com.idroid.squishy.miley.MainActivity this$0 -> a
    608:615:boolean onAreaTouched(org.andengine.input.touch.TouchEvent,float,float) -> a
com.idroid.squishy.miley.MainActivity$11 -> com.idroid.squishy.miley.MainActivity$3:
    com.idroid.squishy.miley.MainActivity this$0 -> a
    627:634:boolean onAreaTouched(org.andengine.input.touch.TouchEvent,float,float) -> a
com.idroid.squishy.miley.MainActivity$12 -> com.idroid.squishy.miley.MainActivity$4:
    com.idroid.squishy.miley.MainActivity this$0 -> a
    725:727:void onModifierFinished(org.andengine.entity.IEntity) -> a
    1:1:void onModifierFinished(java.lang.Object) -> a
com.idroid.squishy.miley.MainActivity$13 -> com.idroid.squishy.miley.MainActivity$5:
    com.idroid.squishy.miley.MainActivity this$0 -> a
    741:748:void run() -> run
    737:737:com.idroid.squishy.miley.MainActivity access$0(com.idroid.squishy.miley.MainActivity$13) -> a
com.idroid.squishy.miley.MainActivity$13$1 -> com.idroid.squishy.miley.MainActivity$5$1:
    com.idroid.squishy.miley.MainActivity$13 this$1 -> a
    745:746:void run() -> run
com.idroid.squishy.miley.MainActivity$14 -> com.idroid.squishy.miley.MainActivity$6:
    com.idroid.squishy.miley.MainActivity this$0 -> a
    778:784:void run() -> run
com.idroid.squishy.miley.MainActivity$15 -> com.idroid.squishy.miley.MainActivity$7:
    com.idroid.squishy.miley.MainActivity this$0 -> a
    int val$bloodPosition -> b
    812:814:void run() -> run
...
android.support.v4.app.FragmentActivity$1 -> android.support.v4.app.c$1:
    android.support.v4.app.FragmentActivity this$0 -> a
    84:97:void handleMessage(android.os.Message) -> handleMessage
android.support.v4.app.FragmentActivity$2 -> android.support.v4.app.c$2:
    android.support.v4.app.FragmentActivity this$0 -> a
    104:104:android.view.View findViewById(int) -> a
android.support.v4.app.FragmentActivity$FragmentTag -> android.support.v4.app.c$a:
    int[] Fragment -> a
android.support.v4.app.FragmentActivity$NonConfigurationInstances -> android.support.v4.app.c$b:
    java.lang.Object activity -> a
    java.lang.Object custom -> b
    java.util.HashMap children -> c
    java.util.ArrayList fragments -> d
    java.util.HashMap loaders -> e
android.support.v4.app.FragmentContainer -> android.support.v4.app.d:
    android.view.View findViewById(int) -> a
android.support.v4.app.FragmentManager -> android.support.v4.app.e:
    android.support.v4.app.FragmentTransaction beginTransaction() -> a
    boolean executePendingTransactions() -> b
    android.support.v4.app.Fragment findFragmentByTag(java.lang.String) -> a
android.support.v4.app.FragmentManager$OnBackStackChangedListener -> android.support.v4.app.e$a:
    void onBackStackChanged() -> a
android.support.v4.app.FragmentManagerImpl -> android.support.v4.app.f:
    boolean DEBUG -> a
    boolean HONEYCOMB -> b
    java.util.ArrayList mPendingActions -> c
    java.lang.Runnable[] mTmpActions -> d
    boolean mExecutingActions -> e
    java.util.ArrayList mActive -> f
    java.util.ArrayList mAdded -> g
    java.util.ArrayList mAvailIndices -> h
    java.util.ArrayList mBackStack -> i
    java.util.ArrayList mCreatedMenus -> j
    java.util.ArrayList mBackStackIndices -> k
    java.util.ArrayList mAvailBackStackIndices -> l
    java.util.ArrayList mBackStackChangeListeners -> m
    int mCurState -> n
    android.support.v4.app.FragmentActivity mActivity -> o
    android.support.v4.app.FragmentContainer mContainer -> p
    android.support.v4.app.Fragment mParent -> q
    boolean mNeedMenuInvalidate -> r
    boolean mStateSaved -> s
    boolean mDestroyed -> t
    java.lang.String mNoTransactionsBecause -> u
    boolean mHavePendingDeferredStart -> v
    android.os.Bundle mStateBundle -> w
    android.util.SparseArray mStateArray -> x
    java.lang.Runnable mExecCommit -> y
    android.view.animation.Interpolator DECELERATE_QUINT -> z
    android.view.animation.Interpolator DECELERATE_CUBIC -> A
    android.view.animation.Interpolator ACCELERATE_QUINT -> B
    android.view.animation.Interpolator ACCELERATE_CUBIC -> C
    434:451:void throwException(java.lang.RuntimeException) -> a
    456:456:android.support.v4.app.FragmentTransaction beginTransaction() -> a
android.support.v4.app.FragmentManagerImpl$1 -> android.support.v4.app.f$1:
    android.support.v4.app.FragmentManagerImpl this$0 -> a
    429:430:void run() -> run
android.support.v4.app.FragmentManagerImpl$5 -> android.support.v4.app.f$2:
    android.support.v4.app.Fragment val$fragment -> a
    android.support.v4.app.FragmentManagerImpl this$0 -> b
    994:999:void onAnimationEnd(android.view.animation.Animation) -> onAnimationEnd
    1002:1002:void onAnimationRepeat(android.view.animation.Animation) -> onAnimationRepeat
    1005:1005:void onAnimationStart(android.view.animation.Animation) -> onAnimationStart
android.support.v4.app.FragmentManagerState -> android.support.v4.app.FragmentManagerState:
    android.support.v4.app.FragmentState[] mActive -> a
    int[] mAdded -> b
    android.support.v4.app.BackStackState[] mBackStack -> c
    android.os.Parcelable$Creator CREATOR -> CREATOR
    353:353:int describeContents() -> describeContents
    357:360:void writeToParcel(android.os.Parcel,int) -> writeToParcel